Warning[205] L:\PROJECT\TAPPARELLE EMILIANO\SOURCE.ASM 8 : Found directive in column 1. (PROCESSOR)
Warning[205] L:\PROJECT\TAPPARELLE EMILIANO\SOURCE.ASM 9 : Found directive in column 1. (RADIX)
Warning[205] L:\PROJECT\TAPPARELLE EMILIANO\SOURCE.ASM 10 : Found directive in column 1. (INCLUDE)
Warning[205] L:\PROJECT\TAPPARELLE EMILIANO\P16F84.INC 11 : Found directive in column 1. (IFNDEF)
Warning[205] L:\PROJECT\TAPPARELLE EMILIANO\P16F84.INC 12 : Found directive in column 1. (MESSG)
Message[301] L:\PROJECT\TAPPARELLE EMILIANO\P16F84.INC 12 : MESSAGE: (Processor-header file mismatch. Verify selected processor.)
Warning[205] L:\PROJECT\TAPPARELLE EMILIANO\P16F84.INC 13 : Found directive in column 1. (ENDIF)
Warning[205] L:\PROJECT\TAPPARELLE EMILIANO\P16F84.INC 76 : Found directive in column 1. (__MAXRAM)
Warning[205] L:\PROJECT\TAPPARELLE EMILIANO\P16F84.INC 77 : Found directive in column 1. (__BADRAM)
Warning[205] L:\PROJECT\TAPPARELLE EMILIANO\P16F84.INC 93 : Found directive in column 1. (LIST)
Warning[205] L:\PROJECT\TAPPARELLE EMILIANO\SOURCE.ASM 11 : Found directive in column 1. (ERRORLEVEL)
Warning[205] L:\PROJECT\TAPPARELLE EMILIANO\SOURCE.ASM 17 : Found directive in column 1. (__CONFIG)
Warning[205] L:\PROJECT\TAPPARELLE EMILIANO\SOURCE.ASM 23 : Found directive in column 1. (ORG)
Warning[205] L:\PROJECT\TAPPARELLE EMILIANO\SOURCE.ASM 29 : Found directive in column 1. (ORG)
Warning[203] L:\PROJECT\TAPPARELLE EMILIANO\SOURCE.ASM 31 : Found opcode in column 1. (goto)
Warning[205] L:\PROJECT\TAPPARELLE EMILIANO\SOURCE.ASM 35 : Found directive in column 1. (ORG)
Warning[203] L:\PROJECT\TAPPARELLE EMILIANO\SOURCE.ASM 37 : Found opcode in column 1. (bcf)
Warning[203] L:\PROJECT\TAPPARELLE EMILIANO\SOURCE.ASM 39 : Found opcode in column 1. (bcf)
Warning[203] L:\PROJECT\TAPPARELLE EMILIANO\SOURCE.ASM 40 : Found opcode in column 1. (btfsc)
Warning[203] L:\PROJECT\TAPPARELLE EMILIANO\SOURCE.ASM 41 : Found opcode in column 1. (Call)
Warning[203] L:\PROJECT\TAPPARELLE EMILIANO\SOURCE.ASM 42 : Found opcode in column 1. (btfsc)
Warning[203] L:\PROJECT\TAPPARELLE EMILIANO\SOURCE.ASM 43 : Found opcode in column 1. (Call)
Warning[203] L:\PROJECT\TAPPARELLE EMILIANO\SOURCE.ASM 44 : Found opcode in column 1. (retfie)
Warning[205] L:\PROJECT\TAPPARELLE EMILIANO\SOURCE.ASM 209 : Found directive in column 1. (END)
